0 info it worked if it ends with ok
1 verbose cli [ 'F:\\node.exe',
1 verbose cli   'F:\\node_modules\\npm\\bin\\npm-cli.js',
1 verbose cli   'start' ]
2 info using npm@3.10.10
3 info using node@v6.11.0
4 verbose run-script [ 'prestart', 'start', 'poststart' ]
5 info lifecycle test@0.0.0~prestart: test@0.0.0
6 silly lifecycle test@0.0.0~prestart: no script for prestart, continuing
7 info lifecycle test@0.0.0~start: test@0.0.0
8 verbose lifecycle test@0.0.0~start: unsafe-perm in lifecycle true
9 verbose lifecycle test@0.0.0~start: PATH: F:\node_modules\npm\bin\node-gyp-bin;E:\1前端学习\stage3\myself\vueproject\node_modules\.bin;C:\Windows\system32;C:\Windows;C:\Windows\System32\Wbem;C:\Windows\System32\WindowsPowerShell\v1.0\;C:\Program Files\Intel\WiFi\bin\;C:\Program Files\Common Files\Intel\WirelessCommon\;C:\Program Files (x86)\NVIDIA Corporation\PhysX\Common;C:\WINDOWS\system32;C:\WINDOWS;C:\WINDOWS\System32\Wbem;C:\WINDOWS\System32\WindowsPowerShell\v1.0\;F:\bin;F:\;F:\Git\cmd;C:\Program Files (x86)\MySQL\MySQL Utilities 1.3.5\;F:\Ruby24-x64\bin;C:\Users\yangyang\AppData\Roaming\npm;C:\Program Files\momgodb\Server\3.4\bin
10 verbose lifecycle test@0.0.0~start: CWD: E:\1前端学习\stage3\myself\vueproject
11 silly lifecycle test@0.0.0~start: Args: [ '/d /s /c', 'node ./bin/www' ]
12 silly lifecycle test@0.0.0~start: Returned: code: 3221225786  signal: null
13 info lifecycle test@0.0.0~start: Failed to exec start script
14 verbose stack Error: test@0.0.0 start: `node ./bin/www`
14 verbose stack Exit status 3221225786
14 verbose stack     at EventEmitter.<anonymous> (F:\node_modules\npm\lib\utils\lifecycle.js:255:16)
14 verbose stack     at emitTwo (events.js:106:13)
14 verbose stack     at EventEmitter.emit (events.js:191:7)
14 verbose stack     at ChildProcess.<anonymous> (F:\node_modules\npm\lib\utils\spawn.js:40:14)
14 verbose stack     at emitTwo (events.js:106:13)
14 verbose stack     at ChildProcess.emit (events.js:191:7)
14 verbose stack     at maybeClose (internal/child_process.js:891:16)
14 verbose stack     at Process.ChildProcess._handle.onexit (internal/child_process.js:226:5)
15 verbose pkgid test@0.0.0
16 verbose cwd E:\1前端学习\stage3\myself\vueproject
17 error Windows_NT 10.0.10586
18 error argv "F:\\node.exe" "F:\\node_modules\\npm\\bin\\npm-cli.js" "start"
19 error node v6.11.0
20 error npm  v3.10.10
21 error code ELIFECYCLE
22 error test@0.0.0 start: `node ./bin/www`
22 error Exit status 3221225786
23 error Failed at the test@0.0.0 start script 'node ./bin/www'.
23 error Make sure you have the latest version of node.js and npm installed.
23 error If you do, this is most likely a problem with the test package,
23 error not with npm itself.
23 error Tell the author that this fails on your system:
23 error     node ./bin/www
23 error You can get information on how to open an issue for this project with:
23 error     npm bugs test
23 error Or if that isn't available, you can get their info via:
23 error     npm owner ls test
23 error There is likely additional logging output above.
24 verbose exit [ 1, true ]
